<?xml version="1.0" encoding="UTF-8"?>
<testng-results ignored="0" total="2" passed="2" failed="0" skipped="0">
  <reporter-output>
  </reporter-output>
  <suite started-at="2020-01-29T17:30:47 CET" name="Default suite" finished-at="2020-01-29T17:31:02 CET" duration-ms="14825">
    <groups>
    </groups>
    <test started-at="2020-01-29T17:30:47 CET" name="Default test" finished-at="2020-01-29T17:31:02 CET" duration-ms="14825">
      <class name="Guru99.TestPOM">
        <test-method is-config="true" signature="setup()[pri:0, instance:Guru99.TestPOM@45dd4eda]" started-at="2020-01-29T17:30:47 CET" name="setup" finished-at="2020-01-29T17:30:51 CET" duration-ms="4393" status="PASS">
          <reporter-output>
          </reporter-output>
        </test-method> <!-- setup -->
        <test-method signature="testMethod1()[pri:0, instance:Guru99.TestPOM@45dd4eda]" started-at="2020-01-29T17:30:51 CET" name="testMethod1" finished-at="2020-01-29T17:30:58 CET" duration-ms="6922" status="PASS">
          <reporter-output>
          </reporter-output>
        </test-method> <!-- testMethod1 -->
        <test-method signature="testMethod2()[pri:0, instance:Guru99.TestPOM@45dd4eda]" started-at="2020-01-29T17:30:58 CET" name="testMethod2" finished-at="2020-01-29T17:31:01 CET" duration-ms="2401" status="PASS">
          <reporter-output>
          </reporter-output>
        </test-method> <!-- testMethod2 -->
        <test-method is-config="true" signature="exit()[pri:0, instance:Guru99.TestPOM@45dd4eda]" started-at="2020-01-29T17:31:01 CET" name="exit" finished-at="2020-01-29T17:31:02 CET" duration-ms="1014" status="PASS">
          <reporter-output>
          </reporter-output>
        </test-method> <!-- exit -->
      </class> <!-- Guru99.TestPOM -->
    </test> <!-- Default test -->
  </suite> <!-- Default suite -->
</testng-results>
